[   46992ms] [ERROR] Failed to load resource: the server responded with a status of 500 (Internal Server Error) @ http://localhost:3000/login:0
[   47189ms] [INFO] %cDownload the React DevTools for a better development experience: https://react.dev/link/react-devtools font-weight:bold @ http://localhost:3000/_next/static/chunks/0p2h_react-dom_0vsf22y._.js:15305
[   47340ms] [LOG] [Client Instrumentation Hook] Slow execution detected: 22ms (Note: Code download overhead is not included in this measurement) @ http://localhost:3000/_next/static/chunks/0~oy_next_dist_03fzzgq._.js:702
[   47354ms] [ERROR] Refused to execute script from 'http://localhost:3000/_next/static/development/_clientMiddlewareManifest.js' because its MIME type ('application/json') is not executable, and strict MIME type checking is enabled. @ http://localhost:3000/login:0
[   47408ms] Error: An unexpected Turbopack error occurred. Please see the output of `next dev` for more details.
    at getServerError (http://localhost:3000/_next/static/chunks/0~oy_next_dist_03fzzgq._.js:821:62)
    at http://localhost:3000/_next/static/chunks/0~oy_next_dist_client_0h911gt._.js:3711:27
[   47371ms] [LOG] [HMR] connected @ http://localhost:3000/_next/static/chunks/0~oy_next_dist_03fzzgq._.js:1385
[   47449ms] [ERROR] Failed to load resource: the server responded with a status of 404 (Not Found) @ http://localhost:3000/favicon.ico:0
[  114655ms] [ERROR] WebSocket connection to 'ws://localhost:3000/_next/webpack-hmr' failed: Error in connection establishment: net::ERR_CONNECTION_REFUSED @ http://localhost:3000/_next/static/chunks/0~oy_next_dist_client_0h911gt._.js:2342
[  122393ms] [LOG] [HMR] connected @ http://localhost:3000/_next/static/chunks/0~oy_next_dist_03fzzgq._.js:1385
[  141689ms] [LOG] [Fast Refresh] rebuilding @ http://localhost:3000/_next/static/chunks/0~oy_next_dist_03fzzgq._.js:1385
[  172796ms] [LOG] [Fast Refresh] done in 31215ms @ http://localhost:3000/_next/static/chunks/0~oy_next_dist_03fzzgq._.js:1385
[  177263ms] [LOG] [Fast Refresh] rebuilding @ http://localhost:3000/_next/static/chunks/0~oy_next_dist_03fzzgq._.js:1385
[  183543ms] [LOG] [Client Instrumentation Hook] Slow execution detected: 329ms (Note: Code download overhead is not included in this measurement) @ webpack-internal:///(app-pages-browser)/../../node_modules/.pnpm/next@16.2.0_@babel+core@7.2_1d3e3f6e5a05ad797b8564ead7aaccfd/node_modules/next/dist/lib/require-instrumentation-client.js:18
[  184336ms] [INFO] %cDownload the React DevTools for a better development experience: https://react.dev/link/react-devtools font-weight:bold @ webpack-internal:///(app-pages-browser)/../../node_modules/.pnpm/next@16.2.0_@babel+core@7.2_1d3e3f6e5a05ad797b8564ead7aaccfd/node_modules/next/dist/next-devtools/shared/forward-logs-shared.js:27
[  187446ms] [WARNING] The resource http://localhost:3000/vendor/lemon/affiliate.js was preloaded using link preload but not used within a few seconds from the window's load event. Please make sure it has an appropriate `as` value and it is preloaded intentionally. @ http://localhost:3000/login:0
[  187513ms] [LOG] [HMR] connected @ webpack-internal:///(app-pages-browser)/../../node_modules/.pnpm/next@16.2.0_@babel+core@7.2_1d3e3f6e5a05ad797b8564ead7aaccfd/node_modules/next/dist/next-devtools/shared/forward-logs-shared.js:27
[  187982ms] [LOG] %c[Vercel Web Analytics]%c Debug mode is enabled by default in development. No requests will be sent to the server. color: rgb(120, 120, 120) color: inherit @ webpack-internal:///(app-pages-browser)/../../node_modules/.pnpm/next@16.2.0_@babel+core@7.2_1d3e3f6e5a05ad797b8564ead7aaccfd/node_modules/next/dist/next-devtools/shared/forward-logs-shared.js:27
[  187984ms] [LOG] %c[Vercel Web Analytics]%c [view] http://localhost:3000/login color: rgb(120, 120, 120) color: inherit {o: http://localhost:3000/login, sv: 0.1.3, sdkn: @vercel/analytics/react, sdkv: 2.0.1, ts: 1775246889592} /_vercel/insights/view @ webpack-internal:///(app-pages-browser)/../../node_modules/.pnpm/next@16.2.0_@babel+core@7.2_1d3e3f6e5a05ad797b8564ead7aaccfd/node_modules/next/dist/next-devtools/shared/forward-logs-shared.js:27
[  188010ms] [LOG] %c[Vercel Speed Insights]%c Debug mode is enabled by default in development. No requests will be sent to the server. color: rgb(120, 120, 120) color: inherit @ webpack-internal:///(app-pages-browser)/../../node_modules/.pnpm/next@16.2.0_@babel+core@7.2_1d3e3f6e5a05ad797b8564ead7aaccfd/node_modules/next/dist/next-devtools/shared/forward-logs-shared.js:27
[  191278ms] [LOG] [Fast Refresh] done in 1775246892887ms @ webpack-internal:///(app-pages-browser)/../../node_modules/.pnpm/next@16.2.0_@babel+core@7.2_1d3e3f6e5a05ad797b8564ead7aaccfd/node_modules/next/dist/next-devtools/shared/forward-logs-shared.js:27
[  202082ms] [LOG] [Fast Refresh] rebuilding @ webpack-internal:///(app-pages-browser)/../../node_modules/.pnpm/next@16.2.0_@babel+core@7.2_1d3e3f6e5a05ad797b8564ead7aaccfd/node_modules/next/dist/next-devtools/shared/forward-logs-shared.js:27
[  205872ms] [ERROR] Failed to load resource: the server responded with a status of 401 (Unauthorized) @ http://localhost:3000/api/user/email-accounts:0
[  206159ms] [LOG] [Fast Refresh] done in 4079ms @ webpack-internal:///(app-pages-browser)/../../node_modules/.pnpm/next@16.2.0_@babel+core@7.2_1d3e3f6e5a05ad797b8564ead7aaccfd/node_modules/next/dist/next-devtools/shared/forward-logs-shared.js:27
